Mock Version: 1.4.16
ENTER ['do_with_status'](['bash', '--login', '-c', '/usr/bin/rpmbuild -bs --target x86_64 --nodeps /builddir/build/SPECS/python-ply.spec'], chrootPath='/var/lib/mock/sclpy36-7-x86_64/root'env={'TERM': 'vt100', 'SHELL': '/bin/bash', 'HOME': '/builddir', 'HOSTNAME': 'mock', 'PATH': '/usr/bin:/bin:/usr/sbin:/sbin', 'PROMPT_COMMAND': 'printf "\\033]0;<mock-chroot>\\007"', 'PS1': '<mock-chroot> \\s-\\v\\$ ', 'LANG': 'C'}shell=Falselogger=<mockbuild.trace_decorator.getLog object at 0x7f16f769ecf8>timeout=0uid=1000gid=135user='mockbuild'nspawn_args=['--capability=cap_ipc_lock', '--bind=/tmp/mock-resolv.etmcmc9m:/etc/resolv.conf']unshare_net=TrueprintOutput=False)
Using nspawn with args ['--capability=cap_ipc_lock', '--bind=/tmp/mock-resolv.etmcmc9m:/etc/resolv.conf']
Executing command: ['/usr/bin/systemd-nspawn', '-q', '-M', '8dc2d831542b4775abbfc98d56eb3cca', '-D', '/var/lib/mock/sclpy36-7-x86_64/root', '--capability=cap_ipc_lock', '--bind=/tmp/mock-resolv.etmcmc9m:/etc/resolv.conf', '--setenv=TERM=vt100', '--setenv=SHELL=/bin/bash', '--setenv=HOME=/builddir', '--setenv=HOSTNAME=mock', '--setenv=PATH=/usr/bin:/bin:/usr/sbin:/sbin', '--setenv=PROMPT_COMMAND=printf "\\033]0;<mock-chroot>\\007"', '--setenv=PS1=<mock-chroot> \\s-\\v\\$ ', '--setenv=LANG=C', '-u', 'mockbuild', 'bash', '--login', '-c', '/usr/bin/rpmbuild -bs --target x86_64 --nodeps /builddir/build/SPECS/python-ply.spec'] with env {'TERM': 'vt100', 'SHELL': '/bin/bash', 'HOME': '/builddir', 'HOSTNAME': 'mock', 'PATH': '/usr/bin:/bin:/usr/sbin:/sbin', 'PROMPT_COMMAND': 'printf "\\033]0;<mock-chroot>\\007"', 'PS1': '<mock-chroot> \\s-\\v\\$ ', 'LANG': 'C'} and shell False
Building target platforms: x86_64
Building for target x86_64
Wrote: /builddir/build/SRPMS/rh-python36-python-ply-3.11-0.el7.src.rpm
Child return code was: 0
ENTER ['do_with_status'](['bash', '--login', '-c', '/usr/bin/rpmbuild -bb --target x86_64 --nodeps /builddir/build/SPECS/python-ply.spec'], chrootPath='/var/lib/mock/sclpy36-7-x86_64/root'env={'TERM': 'vt100', 'SHELL': '/bin/bash', 'HOME': '/builddir', 'HOSTNAME': 'mock', 'PATH': '/usr/bin:/bin:/usr/sbin:/sbin', 'PROMPT_COMMAND': 'printf "\\033]0;<mock-chroot>\\007"', 'PS1': '<mock-chroot> \\s-\\v\\$ ', 'LANG': 'C'}shell=Falselogger=<mockbuild.trace_decorator.getLog object at 0x7f16f769ecf8>timeout=0uid=1000gid=135user='mockbuild'nspawn_args=['--capability=cap_ipc_lock', '--bind=/tmp/mock-resolv.etmcmc9m:/etc/resolv.conf']unshare_net=TrueprintOutput=False)
Using nspawn with args ['--capability=cap_ipc_lock', '--bind=/tmp/mock-resolv.etmcmc9m:/etc/resolv.conf']
Executing command: ['/usr/bin/systemd-nspawn', '-q', '-M', '3659089dc7894fab92fc54f1145c697a', '-D', '/var/lib/mock/sclpy36-7-x86_64/root', '--capability=cap_ipc_lock', '--bind=/tmp/mock-resolv.etmcmc9m:/etc/resolv.conf', '--setenv=TERM=vt100', '--setenv=SHELL=/bin/bash', '--setenv=HOME=/builddir', '--setenv=HOSTNAME=mock', '--setenv=PATH=/usr/bin:/bin:/usr/sbin:/sbin', '--setenv=PROMPT_COMMAND=printf "\\033]0;<mock-chroot>\\007"', '--setenv=PS1=<mock-chroot> \\s-\\v\\$ ', '--setenv=LANG=C', '-u', 'mockbuild', 'bash', '--login', '-c', '/usr/bin/rpmbuild -bb --target x86_64 --nodeps /builddir/build/SPECS/python-ply.spec'] with env {'TERM': 'vt100', 'SHELL': '/bin/bash', 'HOME': '/builddir', 'HOSTNAME': 'mock', 'PATH': '/usr/bin:/bin:/usr/sbin:/sbin', 'PROMPT_COMMAND': 'printf "\\033]0;<mock-chroot>\\007"', 'PS1': '<mock-chroot> \\s-\\v\\$ ', 'LANG': 'C'} and shell False
Building target platforms: x86_64
Building for target x86_64
Executing(%prep): /bin/sh -e /var/tmp/rpm-tmp.mqdkWy
+ umask 022
+ cd /builddir/build/BUILD
+ cd /builddir/build/BUILD
+ rm -rf ply-3.11
+ /usr/bin/gzip -dc /builddir/build/SOURCES/ply-3.11.tar.gz
+ /usr/bin/tar -xf -
+ STATUS=0
+ '[' 0 -ne 0 ']'
+ cd ply-3.11
+ /usr/bin/chmod -Rf a+rX,u+w,g-w,o-w .
+ exit 0
Executing(%build): /bin/sh -e /var/tmp/rpm-tmp.ppVS41
+ umask 022
+ cd /builddir/build/BUILD
+ cd ply-3.11
+ scl enable rh-python36 -
running build
running build_py
creating build
creating build/lib
creating build/lib/ply
copying ply/__init__.py -> build/lib/ply
copying ply/cpp.py -> build/lib/ply
copying ply/ctokens.py -> build/lib/ply
copying ply/lex.py -> build/lib/ply
copying ply/yacc.py -> build/lib/ply
copying ply/ygen.py -> build/lib/ply
+ exit 0
Executing(%install): /bin/sh -e /var/tmp/rpm-tmp.RrjQNw
+ umask 022
+ cd /builddir/build/BUILD
+ '[' /builddir/build/BUILDROOT/rh-python36-python-ply-3.11-0.el7.x86_64 '!=' / ']'
+ rm -rf /builddir/build/BUILDROOT/rh-python36-python-ply-3.11-0.el7.x86_64
BUILDSTDERR: ++ dirname /builddir/build/BUILDROOT/rh-python36-python-ply-3.11-0.el7.x86_64
+ mkdir -p /builddir/build/BUILDROOT
+ mkdir /builddir/build/BUILDROOT/rh-python36-python-ply-3.11-0.el7.x86_64
+ cd ply-3.11
+ scl enable rh-python36 -
running install
running install_lib
creating /builddir/build/BUILDROOT/rh-python36-python-ply-3.11-0.el7.x86_64/opt
creating /builddir/build/BUILDROOT/rh-python36-python-ply-3.11-0.el7.x86_64/opt/rh
creating /builddir/build/BUILDROOT/rh-python36-python-ply-3.11-0.el7.x86_64/opt/rh/rh-python36
creating /builddir/build/BUILDROOT/rh-python36-python-ply-3.11-0.el7.x86_64/opt/rh/rh-python36/root
creating /builddir/build/BUILDROOT/rh-python36-python-ply-3.11-0.el7.x86_64/opt/rh/rh-python36/root/usr
creating /builddir/build/BUILDROOT/rh-python36-python-ply-3.11-0.el7.x86_64/opt/rh/rh-python36/root/usr/lib
creating /builddir/build/BUILDROOT/rh-python36-python-ply-3.11-0.el7.x86_64/opt/rh/rh-python36/root/usr/lib/python3.6
creating /builddir/build/BUILDROOT/rh-python36-python-ply-3.11-0.el7.x86_64/opt/rh/rh-python36/root/usr/lib/python3.6/site-packages
creating /builddir/build/BUILDROOT/rh-python36-python-ply-3.11-0.el7.x86_64/opt/rh/rh-python36/root/usr/lib/python3.6/site-packages/ply
copying build/lib/ply/__init__.py -> /builddir/build/BUILDROOT/rh-python36-python-ply-3.11-0.el7.x86_64/opt/rh/rh-python36/root/usr/lib/python3.6/site-packages/ply
copying build/lib/ply/cpp.py -> /builddir/build/BUILDROOT/rh-python36-python-ply-3.11-0.el7.x86_64/opt/rh/rh-python36/root/usr/lib/python3.6/site-packages/ply
copying build/lib/ply/ctokens.py -> /builddir/build/BUILDROOT/rh-python36-python-ply-3.11-0.el7.x86_64/opt/rh/rh-python36/root/usr/lib/python3.6/site-packages/ply
copying build/lib/ply/lex.py -> /builddir/build/BUILDROOT/rh-python36-python-ply-3.11-0.el7.x86_64/opt/rh/rh-python36/root/usr/lib/python3.6/site-packages/ply
copying build/lib/ply/yacc.py -> /builddir/build/BUILDROOT/rh-python36-python-ply-3.11-0.el7.x86_64/opt/rh/rh-python36/root/usr/lib/python3.6/site-packages/ply
copying build/lib/ply/ygen.py -> /builddir/build/BUILDROOT/rh-python36-python-ply-3.11-0.el7.x86_64/opt/rh/rh-python36/root/usr/lib/python3.6/site-packages/ply
byte-compiling /builddir/build/BUILDROOT/rh-python36-python-ply-3.11-0.el7.x86_64/opt/rh/rh-python36/root/usr/lib/python3.6/site-packages/ply/__init__.py to __init__.cpython-36.pyc
byte-compiling /builddir/build/BUILDROOT/rh-python36-python-ply-3.11-0.el7.x86_64/opt/rh/rh-python36/root/usr/lib/python3.6/site-packages/ply/cpp.py to cpp.cpython-36.pyc
byte-compiling /builddir/build/BUILDROOT/rh-python36-python-ply-3.11-0.el7.x86_64/opt/rh/rh-python36/root/usr/lib/python3.6/site-packages/ply/ctokens.py to ctokens.cpython-36.pyc
byte-compiling /builddir/build/BUILDROOT/rh-python36-python-ply-3.11-0.el7.x86_64/opt/rh/rh-python36/root/usr/lib/python3.6/site-packages/ply/lex.py to lex.cpython-36.pyc
byte-compiling /builddir/build/BUILDROOT/rh-python36-python-ply-3.11-0.el7.x86_64/opt/rh/rh-python36/root/usr/lib/python3.6/site-packages/ply/yacc.py to yacc.cpython-36.pyc
byte-compiling /builddir/build/BUILDROOT/rh-python36-python-ply-3.11-0.el7.x86_64/opt/rh/rh-python36/root/usr/lib/python3.6/site-packages/ply/ygen.py to ygen.cpython-36.pyc
writing byte-compilation script '/tmp/tmpue20r7hm.py'
/opt/rh/rh-python36/root/usr/bin/python3 /tmp/tmpue20r7hm.py
removing /tmp/tmpue20r7hm.py
running install_egg_info
running egg_info
writing ply.egg-info/PKG-INFO
writing dependency_links to ply.egg-info/dependency_links.txt
writing top-level names to ply.egg-info/top_level.txt
reading manifest file 'ply.egg-info/SOURCES.txt'
reading manifest template 'MANIFEST.in'
BUILDSTDERR: warning: no previously-included files matching '*.pyc' found anywhere in distribution
writing manifest file 'ply.egg-info/SOURCES.txt'
Copying ply.egg-info to /builddir/build/BUILDROOT/rh-python36-python-ply-3.11-0.el7.x86_64/opt/rh/rh-python36/root/usr/lib/python3.6/site-packages/ply-3.11-py3.6.egg-info
running install_scripts
+ /usr/lib/rpm/find-debuginfo.sh --strict-build-id -m --run-dwz --dwz-low-mem-die-limit 10000000 --dwz-max-die-limit 110000000 /builddir/build/BUILD/ply-3.11
/usr/lib/rpm/sepdebugcrcfix: Updated 0 CRC32s, 0 CRC32s did match.
+ /usr/lib/rpm/check-buildroot
+ /usr/lib/rpm/brp-scl-compress /opt/rh/rh-python36/root
+ /usr/lib/rpm/redhat/brp-strip-static-archive /usr/bin/strip
+ scl enable rh-python36 '/usr/lib/rpm/redhat/brp-python-bytecompile-with-scl-python-36 /opt/rh/rh-python36/root/usr/bin/python3 1 /opt/rh/rh-python36/root'
+ /usr/lib/rpm/redhat/brp-python-hardlink
Processing files: rh-python36-python-ply-3.11-0.el7.noarch
Provides: rh-python36-python-ply = 3.11-0.el7 scl-package(rh-python36)
Requires(rpmlib): rpmlib(CompressedFileNames) <= 3.0.4-1 rpmlib(FileDigests) <= 4.6.0-1 rpmlib(PayloadFilesHavePrefix) <= 4.0-1
Requires: rh-python36-python(abi) = 3.6 rh-python36-runtime
Checking for unpackaged file(s): /usr/lib/rpm/check-files /builddir/build/BUILDROOT/rh-python36-python-ply-3.11-0.el7.x86_64
Wrote: /builddir/build/RPMS/rh-python36-python-ply-3.11-0.el7.noarch.rpm
Executing(%clean): /bin/sh -e /var/tmp/rpm-tmp.XUUQnE
+ umask 022
+ cd /builddir/build/BUILD
+ cd ply-3.11
+ rm -rf /builddir/build/BUILDROOT/rh-python36-python-ply-3.11-0.el7.x86_64
+ exit 0
Child return code was: 0
