gpg-pubkey-f2ee9d55-560cfc0a 1443691530 0 (none) installed
libgcc-4.8.5-36.el7_6.2.x86_64 1556117447 179328 2704d26e41cfa06048a8ea4776ceaf46 installed
perl-srpm-macros-1-8.el7.noarch 1402343091 794 6bd0791a143b53addc95cbeb050859c8 installed
bash-4.2.46-31.el7.x86_64 1540919373 3667773 ed4d986a9753c79474e6ab726f40d864 installed
ncurses-5.9-14.20130511.el7_4.x86_64 1504735709 439378 8ca93e2831102818759a22e22e871268 installed
setup-2.8.71-10.el7.noarch 1540928891 696893 df4a32b192e93cc82ed77e10d204ce98 installed
basesystem-10.0-7.el7.centos.noarch 1403865430 0 778eb3d19a934f42d1354ed795d06b4f installed
glibc-2.17-260.el7_6.6.x86_64 1562161970 14346360 6d8da7ff806172742e86f222500a6650 installed
nspr-4.19.0-1.el7_5.x86_64 1526464024 287728 06e8af105f3a5832065a90c5eb12c064 installed
libstdc++-4.8.5-36.el7_6.2.x86_64 1556117447 1077442 bceed3fc6b4348dab4b06550870ffaa4 installed
info-5.1-5.el7.x86_64 1523408616 494630 e1f75e40cf956ed3efe7b49c5f6939ec installed
popt-1.13-16.el7.x86_64 1402373003 88516 87f5d6bac8f205fb14e2072e4b47ce23 installed
libacl-2.2.51-14.el7.x86_64 1523407284 37056 c3243d728de0ad95e0c05230e6463bdd installed
libffi-3.0.13-18.el7.x86_64 1478363428 47766 f05f7a3749342b925fa10ca7de2f0116 installed
libcom_err-1.42.9-13.el7.x86_64 1540926351 60489 d50ec3dda8af48a865da2d9754fa21bd installed
pcre-8.32-17.el7.x86_64 1501643292 1475532 04a1926cc29eef0f79f8183eb7907024 installed
sed-4.2.2-5.el7.x86_64 1402362115 601208 4d696dbd3061493258490f40c625adba installed
p11-kit-0.23.5-3.el7.x86_64 1501889820 1337825 9a0f49ca3b6d58aeb05780003cae38f1 installed
libtasn1-4.10-1.el7.x86_64 1501633297 424486 5bd1b0b4094fac08713f986572a8625e installed
ca-certificates-2018.2.22-70.0.el7_5.noarch 1526445368 973960 a95373fc5273e7c757a240316d4430b9 installed
krb5-libs-1.15.1-37.el7_6.x86_64 1548783259 2200985 240e6ada762f6cdc46d8d6a3bdbadd49 installed
coreutils-8.22-23.el7.x86_64 1540927140 14588674 904a2aeeeaa0d833a0dff696c89bd7f3 installed
bzip2-libs-1.0.6-13.el7.x86_64 1447995892 70093 0486f0b02e0caa4195761266798e7a26 installed
elfutils-libelf-0.172-2.el7.x86_64 1540928198 913443 383dff055bd0bc27b026d1359974e00e installed
readline-6.2-10.el7.x86_64 1501663464 460464 b552128087365a58b3566631c678752f installed
libgcrypt-1.5.3-14.el7.x86_64 1501689307 597727 88c64dc7c3aed6a156e4dee5def38300 installed
gzip-1.5-10.el7.x86_64 1523404878 250440 adcb4df7dfe7866e38b5bf42d54d63ae installed
libuuid-2.23.2-59.el7_6.1.x86_64 1552559852 20326 5e791f417b4a43383a56b82a066be7a8 installed
libmount-2.23.2-59.el7_6.1.x86_64 1552559852 278173 4dcc53827852b39ebf10f2c4b75d434d installed
cracklib-2.9.0-11.el7.x86_64 1402378933 209610 a973d883d6785904e49266428bb3ed90 installed
binutils-2.27-34.base.el7.x86_64 1540893347 25150000 b9772c7ef8848f4b5372fa8f52222a6a installed
cpio-2.11-27.el7.x86_64 1523404312 689335 32498692f82296d51663586f08cebafc installed
file-libs-5.11-35.el7.x86_64 1540923383 3076831 3037fd1f781186bcb0fb919b2aa78f54 installed
libcap-ng-0.7.5-4.el7.x86_64 1448001510 50510 84efa5ca78408f78e606e7c8d1816759 installed
cracklib-dicts-2.9.0-11.el7.x86_64 1402378933 9389116 da657b0facf181893f9a38437092dbbf installed
pam-1.1.8-22.el7.x86_64 1523416935 2630324 dce355546c72f1425dc04fd64c9bc664 installed
nss-softokn-3.36.0-5.el7_5.x86_64 1526428610 1130670 7b8391d5b6843722982a616a8542d58f installed
nss-3.36.0-7.1.el7_6.x86_64 1548973572 2425024 208ddd9381e8c7b512ce763bae2e7628 installed
libxml2-2.9.1-6.el7_2.3.x86_64 1466692601 1710062 e439b8934c4e9576eccfbc60d3cd714f installed
lz4-1.7.5-2.el7.x86_64 1523408041 366872 89e45994eabac0ba4ccae7c1005ea06c installed
python-libs-2.7.5-80.el7_6.x86_64 1561064160 24714432 eedf645436be6c7aa8b8f990522278e7 installed
xml-common-0.6.3-39.el7.noarch 1402349498 46969 83630b0f69dd2b423166aa9dd588dbb2 installed
glib2-2.56.1-4.el7_6.x86_64 1559680197 12166425 29e7ba3b9aaded6dacadadba06f8b99f installed
pkgconfig-1:0.27.1-4.el7.x86_64 1402351548 105522 ef58117c9c617599952c0642ff5e8d00 installed
file-5.11-35.el7.x86_64 1540923383 67448 d993604425647d31a529f678397db7a4 installed
libassuan-2.1.0-3.el7.x86_64 1402341240 155391 c4c94aadc9da58f576b4ef238d0136cb installed
cyrus-sasl-lib-2.1.26-23.el7.x86_64 1523420459 396911 6d06f1337b143c25bc7358255d433006 installed
kmod-libs-20-23.el7.x86_64 1540940571 91848 8e1fe13756e455026ef91936cf555599 installed
bzip2-1.0.6-13.el7.x86_64 1447995892 83791 704f597825711270b0ba2af51bebecae installed
libssh2-1.4.3-12.el7_6.2.x86_64 1553795772 341870 3776038331c26272fdd5e0e44fbbb392 installed
perl-parent-1:0.225-244.el7.noarch 1402384520 8141 d902f1a3426caa19ccbccf09263c54f6 installed
perl-podlators-2.5.1-3.el7.noarch 1402343776 287679 8e070dd716e3adf3c297291accaa4348 installed
perl-Pod-Escapes-1:1.04-294.el7_6.noarch 1548109064 21091 ad4d7216b06eb48942c30d4bc2b09755 installed
perl-Encode-2.51-7.el7.x86_64 1402368585 10176350 713ce27ff4434807ff7060b333ed8873 installed
perl-libs-4:5.16.3-294.el7_6.x86_64 1548108740 1647344 669be9d414caaf85799b0dfa644c4e81 installed
perl-Time-HiRes-4:1.9725-3.el7.x86_64 1402343844 94069 43f7c93d02750221738a8c3bc845a1ca installed
perl-Storable-2.45-3.el7.x86_64 1402367398 181031 25787b4b609f3ee50d1c7f33d29e0102 installed
perl-Filter-1.49-3.el7.x86_64 1402353954 148475 66b1205b2eef2a89137e530741ed3710 installed
perl-constant-1.27-2.el7.noarch 1402368682 26364 f3ecfa1ce48e13496322e341a3f0b72c installed
perl-macros-4:5.16.3-294.el7_6.x86_64 1548108740 5134 7c63786a9688ac528e398b27e86198d8 installed
perl-File-Temp-0.23.01-3.el7.noarch 1402383789 158781 396b0a1af3a203e1cb33c98814d5a6d8 installed
perl-PathTools-3.40-5.el7.x86_64 1402373476 174131 c597987071b0f81a0029667e83e1ecae installed
perl-Pod-Simple-1:3.28-4.el7.noarch 1402365613 538320 8e5edeb936a154537062b776eb41cb7d installed
perl-4:5.16.3-294.el7_6.x86_64 1548108740 23552128 547b1d620cedc114b9a1a681c1f2a4bd installed
patch-2.7.1-10.el7_5.x86_64 1525871017 215449 3c1cd445c2a45f19b9bb46c19a4a943c installed
libidn-1.28-4.el7.x86_64 1448125248 630407 3d582106ac1032c59c1cd4236e5d6415 installed
curl-7.29.0-51.el7.x86_64 1541351590 540293 2008575cc1fdf94eedba4e920908cb38 installed
rpm-4.11.3-35.el7.x86_64 1540927634 2622266 ba17adc338f442da8a4598244965e521 installed
redhat-rpm-config-9.1.0-87.el7.centos.noarch 1540894300 174572 fa59b48b92a6e9b34c9fad064eafb839 installed
libuser-0.60-9.el7.x86_64 1523558694 1952592 8fdd92e668b91208dfd916ebdce8a297 installed
pinentry-0.8.1-17.el7.x86_64 1478360967 159929 740fabe008451f11fee22ff086fb13d3 installed
pth-2.0.7-23.el7.x86_64 1448007112 267851 2d6939b73767d0f96b02677bcbeef2e2 installed
rpm-build-libs-4.11.3-35.el7.x86_64 1540927634 166776 aba616fc3d1a25cfc77eb27db8610457 installed
libsemanage-2.5-14.el7.x86_64 1540943073 302329 95dadf0074c4bbd2d63b0c6d5e6922fa installed
libutempter-1.1.6-4.el7.x86_64 1402365826 49749 8e28747e6a84b84af7d78c84cd8cd5e8 installed
rh-python36-runtime-2.0-1.el7.x86_64 1501188674 21150 268f20596eb60a96a9c25d6a300a92d7 installed
libsmartcols-2.23.2-59.el7_6.1.x86_64 1552559852 164608 0aa54f1c264794e869936732ee817499 installed
json-c-0.11-4.el7_0.x86_64 1403612338 65593 62bcb642b82d3b3aeb99ba9ba1b40715 installed
kpartx-0.4.9-123.el7.x86_64 1540939803 41363 aecde17836ffb541d265eeaeb9ebd1c8 installed
util-linux-2.23.2-59.el7_6.1.x86_64 1552559852 8460215 556ac8615ad253912ea1608b63d984d9 installed
kmod-20-23.el7.x86_64 1540940571 243559 99ea42add73605e4c070a5db69a5818c installed
cryptsetup-libs-2.0.3-3.el7.x86_64 1540936977 1219591 61b5b318bfcd411aec021e25d9b76070 installed
systemd-libs-219-62.el7_6.7.x86_64 1562163323 1263456 c87b3e171aacf9a9a588e7bf508e6cd8 installed
systemd-219-62.el7_6.7.x86_64 1562163323 24440961 da97bf300693e9dced797c6b848a29c4 installed
dbus-1:1.10.24-13.el7_6.x86_64 1552558693 595216 42767e264af30fb41bfe0176a668b979 installed
glibc-headers-2.17-260.el7_6.6.x86_64 1562161970 2338328 feef8b5889f823e806817acd7e9d1b55 installed
gcc-4.8.5-36.el7_6.2.x86_64 1556117447 39230745 585e7f4e9032a6dc2d66b13c4bdd898d installed
epel-rpm-macros-7-19.noarch 1529079369 20384 b70b29c37169dc743575714b0e29389a installed
rh-python36-build-2.0-1.el7.x86_64 1501188674 896 353c1f03129005f1d38815cb489b9783 installed
which-2.20-7.el7.x86_64 1402367122 76962 5b0eff1739daa46a80e9908f39167c29 installed
python-srpm-macros-3-25.el7.noarch 1561382305 3789 de57187d6087bcd97c4ba7748517a35f installed
python2-rpm-macros-3-25.el7.noarch 1561382305 1495 e53bc43e4a8a48b9dc675e8a82d99bb2 installed
rh-python36-python-libs-3.6.3-7.el7.x86_64 1559311208 39776805 68256d30d1c7d6a852f93e9b7d215d97 installed
rh-python36-python-setuptools-36.5.0-1.el7.noarch 1508862638 2783370 90d54a48ae8437434d9a19bf482d2277 installed
rh-python36-python-devel-3.6.3-7.el7.x86_64 1559311208 2701735 83690e9e5aa8bc587f679b88f4ed6241 installed
gpg-pubkey-f4a80eb5-53a7ff4b 1403518795 0 (none) installed
gpg-pubkey-352c64e5-52ae6884 1387161732 0 (none) installed
ncurses-base-5.9-14.20130511.el7_4.noarch 1504735709 223432 c955fdfe1f8f20b1053a34918e44bd58 installed
chkconfig-1.7.4-1.el7.x86_64 1501854351 779531 e126177e9ac5841deca96f4e15340613 installed
nss-softokn-freebl-3.36.0-5.el7_5.x86_64 1526428610 565628 cf0360bbf0396334bb569646bbec25d3 installed
filesystem-3.2-25.el7.x86_64 1523422829 0 93e1c91a2dbd4d3ac61fb70a40a7c228 installed
glibc-common-2.17-260.el7_6.6.x86_64 1562161970 120497943 455253521d54d3b20dfa74d8620e25c3 installed
zlib-1.2.7-18.el7.x86_64 1540931080 185294 063a85f8271de9b41e9ac9657962e3ec installed
nss-util-3.36.0-1.1.el7_6.x86_64 1548783491 199008 eacfab0995b7a9d221edd5d23700dff3 installed
ncurses-libs-5.9-14.20130511.el7_4.x86_64 1504735709 1028216 bba677eda5184b5127b7817d2c1dec12 installed
gmp-1:6.0.0-15.el7.x86_64 1501722795 657046 4cd60ebf94766a46c590e17036ece777 installed
libattr-2.4.46-13.el7.x86_64 1523407244 19896 209b05c7b77a33a4cc176077945833e8 installed
libcap-2.22-9.el7.x86_64 1501701479 111445 b4cc4b26a62dbbd66143755c54a59938 installed
libsepol-2.5-10.el7.x86_64 1540935375 686640 cb2c225685a559d68fdb0e07f9b488a2 installed
gawk-4.0.2-4.el7_3.1.x86_64 1498686770 2435978 5efa8feaeb12d57cda1a9bcd9c8af917 installed
libselinux-2.5-14.1.el7.x86_64 1540935786 217874 36462311e16b3aafc9f29bbaa00bfb6e installed
grep-2.20-3.el7.x86_64 1501743524 1195131 92bc957d1c4fc3764e134d8f82544abe installed
libverto-0.2.5-4.el7.x86_64 1402386261 23060 341bae036f22ce087486f4d9e180caee installed
p11-kit-trust-0.23.5-3.el7.x86_64 1501889820 437261 2dc2f7ab212401098e8821ce23f21741 installed
keyutils-libs-1.5.8-3.el7.x86_64 1402366675 42138 e31fa37a714787d3d72e0a9316c3a85b installed
openssl-libs-1:1.0.2k-16.el7_6.1.x86_64 1552385635 3204708 f22c63c9514e9f24f023d69bc1f7a959 installed
centos-release-7-6.1810.2.el7.centos.x86_64 1542979018 41271 9f661612be55e8bb73f78163a41df816 installed
xz-libs-5.2.2-1.el7.x86_64 1478359687 239967 7701c542dc8fcd5a38ee52e8786d7cf4 installed
libdb-5.3.21-24.el7.x86_64 1523424717 1858008 24fdfda30ad8e1cc7ebc744eaf85eacf installed
libgpg-error-1.12-3.el7.x86_64 1402390008 350865 a3933d4ce43c07fa9305e8765d78d099 installed
lua-5.1.4-15.el7.x86_64 1478400455 640319 d5973eb7ca2bb665f5fbb7141f2e27a3 installed
mpfr-3.1.1-4.el7.x86_64 1402362714 554279 4cedb227fd4730529b0874792007692b installed
libblkid-2.23.2-59.el7_6.1.x86_64 1552559852 265973 88156585f9251e493e252b9a691c7e30 installed
libmpc-1.0.1-3.el7.x86_64 1402343098 113833 835abbe42dbf1e0f94d227d54c01f483 installed
xz-5.2.2-1.el7.x86_64 1478359687 798130 3e6f05008f7af7931aa8257964527f1a installed
findutils-1:4.5.11-6.el7.x86_64 1540917834 1855882 162b03172dee0f90443197d424bc9be0 installed
diffutils-3.3-4.el7.x86_64 1402384041 1065157 d8c60275b4c6d54e8bf7ee19cf0c4f2b installed
expat-2.1.0-10.el7_3.x86_64 1480372020 208315 9c5fdceee3715ad8a1b3a9dd711d5b79 installed
audit-libs-2.8.4-4.el7.x86_64 1540932179 256362 a57039d27b473fc766688886d53ecce2 installed
libpwquality-1.2.3-5.el7.x86_64 1523419099 332421 e40a69f0a1803dfa3736aba2c8ea1fb4 installed
sqlite-3.7.17-8.el7.x86_64 1448009159 814231 0ceb9434c5a9d281399583087cfe889b installed
nss-sysinit-3.36.0-7.1.el7_6.x86_64 1548973572 14067 27ff88c4a26101b75c51b31b5e85c435 installed
nss-pem-1.0.3-5.el7_6.1.x86_64 1552559023 205579 c9641196236b05a478eb71ad3816064b installed
tar-2:1.26-35.el7.x86_64 1540931349 2838510 28f3087e5b512d8cc05e3a8a65727686 installed
gdbm-1.10-8.el7.x86_64 1402349948 184322 770bd49f3898dc1cc831fb9ec12d569a installed
gdb-7.6.1-114.el7.x86_64 1540930613 7371507 1d085bb4c7273a51db58d47b35ab95b4 installed
iso-codes-3.46-2.el7.noarch 1402386928 14504447 fdc8f7128246bcb6b43ff39516165f85 installed
shared-mime-info-1.8-4.el7.x86_64 1523407023 2379317 167b39408a8c5705f135e968174e2229 installed
nss-tools-3.36.0-7.1.el7_6.x86_64 1548973572 2069587 53bab8a320b55204b17fc880c326ae26 installed
cpp-4.8.5-36.el7_6.2.x86_64 1556117447 15636661 cd64e9bc2ccbe56e2199263c3759997b installed
libdb-utils-5.3.21-24.el7.x86_64 1523424717 326487 d06077335f27858ecb06ad48fa2e812d installed
dwz-0.11-3.el7.x86_64 1402363547 225103 28a047bc76d0ad80e6938a94898129ca installed
unzip-6.0-19.el7.x86_64 1523424293 373986 7a396b648ba0120404fe2ef171b79681 installed
zip-3.0-11.el7.x86_64 1478364595 815173 f49ae6270a053005b67e417123691ca7 installed
groff-base-1.22.2-8.el7.x86_64 1402345046 3453946 591d2a12420abc9fa9934414fc0987f4 installed
perl-HTTP-Tiny-0.033-3.el7.noarch 1402347217 97210 6133c7c1aee2bfeee269de4592b25884 installed
perl-Pod-Perldoc-3.20-4.el7.noarch 1402388270 166910 29a8a33b24ddf4e0e95ad8d2484cc277 installed
perl-Text-ParseWords-3.29-4.el7.noarch 1402348486 16431 58a96328cb0e6dd435d15af542467a38 installed
perl-Pod-Usage-1.63-3.el7.noarch 1402390579 44671 1db34851ba13011739022f031438e15c installed
perl-Socket-2.010-4.el7.x86_64 1478359491 114497 5cda40abac38b41918352e9c75a1e651 installed
perl-threads-1.87-4.el7.x86_64 1402377734 98615 29739d2f766c8bd85e85de9f8ccb7367 installed
perl-Carp-1.26-244.el7.noarch 1402362759 28276 0f9ffc1d8836311235869048667422e9 installed
perl-Exporter-5.68-3.el7.noarch 1402373350 56612 d6e7deb74b149e4b7aa23a998a127bb4 installed
perl-Time-Local-1.2300-2.el7.noarch 1402342290 44062 8dba0f2d49849dc3990cfc9e91d5ec6b installed
perl-threads-shared-1.43-6.el7.x86_64 1402380447 73972 cd3e1ec9dfe8b5e9121fcd53b41aa197 installed
perl-File-Path-2.09-2.el7.noarch 1402361289 50067 94d54ef6ce6893ae2a4400c4b0ce79b7 installed
perl-Scalar-List-Utils-1.27-248.el7.x86_64 1402358220 67994 2fb261c150fc06b1a978809c5a9c706e installed
perl-Getopt-Long-2.40-3.el7.noarch 1523406856 134846 e4fc3f2fed36897ae178ecd5d9475217 installed
perl-Thread-Queue-3.02-2.el7.noarch 1402347633 27642 29d052232cb1b86133bd838739672a15 installed
acl-2.2.51-14.el7.x86_64 1523407284 201225 885771078c3fe1efa43e3e5e0f2b5246 installed
libcurl-7.29.0-51.el7.x86_64 1541351590 435192 998abd47ebced6ef98be2020cafcf569 installed
rpm-libs-4.11.3-35.el7.x86_64 1540927634 611536 2ac2673a85c45699ccf2e5d1a4eb2c4c installed
openldap-2.4.44-21.el7_6.x86_64 1548783821 1037424 0ccf548b74498ba6b9762498609de967 installed
scl-utils-build-20130529-19.el7.x86_64 1540927077 18361 8efb7c3ee86a3c7462b6609cc3f3eefa installed
libgomp-4.8.5-36.el7_6.2.x86_64 1556117447 212184 bd97b226382bee57e1d3bc10f7e79f78 installed
libstdc++-devel-4.8.5-36.el7_6.2.x86_64 1556117447 8436804 ad44ebe548b3fd7857832a88c5b99583 installed
gnupg2-2.0.22-5.el7_5.x86_64 1531487214 6637796 a293dfefd6596bfe5c54ba68377e334e installed
ustr-1.0.4-16.el7.x86_64 1402344766 285943 58bb2ebb64b048e24a4c7d5d51170f55 installed
shadow-utils-2:4.1.5.1-25.el7_6.1.x86_64 1552559733 3543547 4ca13dedcd1d541a3b59a5db0cdf7ec4 installed
scl-utils-20130529-19.el7.x86_64 1540927077 25141 c8feffb6b8bbcf34c2f20ad60ae1cf41 installed
qrencode-libs-3.4.1-3.el7.x86_64 1402343131 126732 ac1de0c46bc1886e12ea80771951cde2 installed
hardlink-1:1.0-19.el7.x86_64 1402381564 16545 3a1bcd8e12bbdbced75d74b5919a039a installed
procps-ng-3.3.10-23.el7.x86_64 1540918726 760565 b7dd3953621742926579dc26c71f5b52 installed
device-mapper-7:1.02.149-10.el7_6.8.x86_64 1562163148 340107 20f0a36f9101ada6168b56b3cf52814a installed
dracut-033-554.el7.x86_64 1541180454 903230 57e8bd40745c0cba95d9c3f65acb2205 installed
device-mapper-libs-7:1.02.149-10.el7_6.8.x86_64 1562163148 400615 094e1eb0388da903656529693f7b8844 installed
elfutils-libs-0.172-2.el7.x86_64 1540928198 793087 8d24c886e0655d29240085a75a5d7047 installed
dbus-libs-1:1.10.24-13.el7_6.x86_64 1552558693 362560 fb6160e7a64e84e0fb6ff86271623f41 installed
elfutils-default-yama-scope-0.172-2.el7.noarch 1540928198 1810 5f2326e3ab4ee0002a6de12404aa1668 installed
elfutils-0.172-2.el7.x86_64 1540928198 811817 b405152d92211d83d371d791d702b883 installed
kernel-headers-3.10.0-957.21.3.el7.x86_64 1560877384 3824154 5306666d6f01dc471268982121a64bc8 installed
glibc-devel-2.17-260.el7_6.6.x86_64 1562161970 1066078 a9a2524a9d692bc1b4efcb74083cabbc installed
gcc-c++-4.8.5-36.el7_6.2.x86_64 1556117447 17253443 b04b77039215517e0ded3d367a1746ca installed
rpm-build-4.11.3-35.el7.x86_64 1540927634 328409 d2e83d31fc34e6cfb1c8ff7948254716 installed
epel-release-7-11.noarch 1506966358 24834 049a2f5109a5050367cc4a8ae8f62c33 installed
make-1:3.82-23.el7.x86_64 1478384149 1160684 9e5ab17428b36e59a9d071c1fd1c81de installed
python-rpm-macros-3-25.el7.noarch 1561382305 4965 0d3fbc283cf034e5a51bb418407de819 installed
tzdata-2019b-1.el7.noarch 1562795066 2012237 2dcb30dda6dccd8062b71b35dc673d4c installed
rh-python36-python-3.6.3-7.el7.x86_64 1559311208 44303 f2e33246d8df1a54d6cccab8519db471 installed
rh-python36-python-pip-9.0.1-2.el7.noarch 1501223143 9364703 46299b098c34b9768bb1bb8dd3b0936e installed
